{"C:\\Users\\Матвей\\web-course\\web-programming-course\\lessons\\lr7\\src\\App.tsx": {"path":"C:\\Users\\Матвей\\web-course\\web-programming-course\\lessons\\lr7\\src\\App.tsx","statementMap":{"0":{"start":{"line":6,"column":2},"end":{"line":11,"column":null}}},"fnMap":{"0":{"name":"App","decl":{"start":{"line":5,"column":9},"end":{"line":5,"column":15}},"loc":{"start":{"line":5,"column":15},"end":{"line":13,"column":null}},"line":5}},"branchMap":{},"s":{"0":0},"f":{"0":0},"b":{},"meta":{"lastBranch":0,"lastFunction":1,"lastStatement":1,"seen":{"f:5:9:5:15":0,"s:6:2:11:Infinity":0}}}
,"C:\\Users\\Матвей\\web-course\\web-programming-course\\lessons\\lr7\\src\\main.tsx": {"path":"C:\\Users\\Матвей\\web-course\\web-programming-course\\lessons\\lr7\\src\\main.tsx","statementMap":{"0":{"start":{"line":8,"column":20},"end":{"line":16,"column":null}},"1":{"start":{"line":18,"column":0},"end":{"line":25,"column":null}}},"fnMap":{},"branchMap":{},"s":{"0":0,"1":0},"f":{},"b":{},"meta":{"lastBranch":0,"lastFunction":0,"lastStatement":2,"seen":{"s:8:20:16:Infinity":0,"s:18:0:25:Infinity":1}}}
,"C:\\Users\\Матвей\\web-course\\web-programming-course\\lessons\\lr7\\src\\api\\client.ts": {"path":"C:\\Users\\Матвей\\web-course\\web-programming-course\\lessons\\lr7\\src\\api\\client.ts","statementMap":{"0":{"start":{"line":3,"column":18},"end":{"line":5,"column":null}},"1":{"start":{"line":8,"column":0},"end":{"line":14,"column":null}},"2":{"start":{"line":9,"column":16},"end":{"line":9,"column":null}},"3":{"start":{"line":10,"column":2},"end":{"line":12,"column":null}},"4":{"start":{"line":11,"column":4},"end":{"line":11,"column":null}},"5":{"start":{"line":13,"column":2},"end":{"line":13,"column":null}},"6":{"start":{"line":17,"column":0},"end":{"line":28,"column":null}},"7":{"start":{"line":18,"column":16},"end":{"line":18,"column":null}},"8":{"start":{"line":20,"column":4},"end":{"line":25,"column":null}},"9":{"start":{"line":22,"column":6},"end":{"line":22,"column":null}},"10":{"start":{"line":24,"column":6},"end":{"line":24,"column":null}},"11":{"start":{"line":26,"column":4},"end":{"line":26,"column":null}},"12":{"start":{"line":33,"column":27},"end":{"line":43,"column":null}},"13":{"start":{"line":37,"column":18},"end":{"line":40,"column":null}},"14":{"start":{"line":40,"column":24},"end":{"line":40,"column":28}},"15":{"start":{"line":42,"column":2},"end":{"line":42,"column":null}}},"fnMap":{"0":{"name":"(anonymous_0)","decl":{"start":{"line":8,"column":35},"end":{"line":8,"column":36}},"loc":{"start":{"line":8,"column":47},"end":{"line":14,"column":1}},"line":8},"1":{"name":"(anonymous_1)","decl":{"start":{"line":18,"column":2},"end":{"line":18,"column":3}},"loc":{"start":{"line":18,"column":16},"end":{"line":18,"column":null}},"line":18},"2":{"name":"(anonymous_2)","decl":{"start":{"line":19,"column":2},"end":{"line":19,"column":3}},"loc":{"start":{"line":19,"column":13},"end":{"line":27,"column":null}},"line":19},"3":{"name":"(anonymous_3)","decl":{"start":{"line":33,"column":27},"end":{"line":33,"column":null}},"loc":{"start":{"line":36,"column":17},"end":{"line":43,"column":null}},"line":36},"4":{"name":"(anonymous_4)","decl":{"start":{"line":40,"column":10},"end":{"line":40,"column":11}},"loc":{"start":{"line":40,"column":24},"end":{"line":40,"column":28}},"line":40}},"branchMap":{"0":{"loc":{"start":{"line":4,"column":12},"end":{"line":4,"column":null}},"type":"binary-expr","locations":[{"start":{"line":4,"column":12},"end":{"line":4,"column":88}},{"start":{"line":4,"column":88},"end":{"line":4,"column":null}}],"line":4},"1":{"loc":{"start":{"line":10,"column":2},"end":{"line":12,"column":null}},"type":"if","locations":[{"start":{"line":10,"column":2},"end":{"line":12,"column":null}},{"start":{},"end":{}}],"line":10},"2":{"loc":{"start":{"line":20,"column":4},"end":{"line":25,"column":null}},"type":"if","locations":[{"start":{"line":20,"column":4},"end":{"line":25,"column":null}},{"start":{},"end":{}}],"line":20}},"s":{"0":0,"1":0,"2":0,"3":0,"4":0,"5":0,"6":0,"7":0,"8":0,"9":0,"10":0,"11":0,"12":0,"13":0,"14":0,"15":0},"f":{"0":0,"1":0,"2":0,"3":0,"4":0},"b":{"0":[0,0],"1":[0,0],"2":[0,0]},"meta":{"lastBranch":3,"lastFunction":5,"lastStatement":16,"seen":{"s:3:18:5:Infinity":0,"b:4:12:4:88:4:88:4:Infinity":0,"s:8:0:14:Infinity":1,"f:8:35:8:36":0,"s:9:16:9:Infinity":2,"b:10:2:12:Infinity:undefined:undefined:undefined:undefined":1,"s:10:2:12:Infinity":3,"s:11:4:11:Infinity":4,"s:13:2:13:Infinity":5,"s:17:0:28:Infinity":6,"f:18:2:18:3":1,"s:18:16:18:Infinity":7,"f:19:2:19:3":2,"b:20:4:25:Infinity:undefined:undefined:undefined:undefined":2,"s:20:4:25:Infinity":8,"s:22:6:22:Infinity":9,"s:24:6:24:Infinity":10,"s:26:4:26:Infinity":11,"s:33:27:43:Infinity":12,"f:33:27:33:Infinity":3,"s:37:18:40:Infinity":13,"f:40:10:40:11":4,"s:40:24:40:28":14,"s:42:2:42:Infinity":15}}}
,"C:\\Users\\Матвей\\web-course\\web-programming-course\\lessons\\lr7\\src\\components\\Auth\\Auth.tsx": {"path":"C:\\Users\\Матвей\\web-course\\web-programming-course\\lessons\\lr7\\src\\components\\Auth\\Auth.tsx","statementMap":{"0":{"start":{"line":4,"column":20},"end":{"line":65,"column":null}},"1":{"start":{"line":5,"column":42},"end":{"line":5,"column":null}},"2":{"start":{"line":6,"column":24},"end":{"line":6,"column":null}},"3":{"start":{"line":7,"column":2},"end":{"line":19,"column":null}},"4":{"start":{"line":8,"column":4},"end":{"line":8,"column":null}},"5":{"start":{"line":9,"column":16},"end":{"line":14,"column":null}},"6":{"start":{"line":11,"column":8},"end":{"line":11,"column":null}},"7":{"start":{"line":16,"column":4},"end":{"line":18,"column":null}},"8":{"start":{"line":17,"column":6},"end":{"line":17,"column":null}},"9":{"start":{"line":21,"column":2},"end":{"line":39,"column":null}},"10":{"start":{"line":22,"column":4},"end":{"line":37,"column":null}},"11":{"start":{"line":41,"column":2},"end":{"line":52,"column":null}},"12":{"start":{"line":42,"column":4},"end":{"line":50,"column":null}},"13":{"start":{"line":54,"column":2},"end":{"line":63,"column":null}}},"fnMap":{"0":{"name":"(anonymous_0)","decl":{"start":{"line":4,"column":20},"end":{"line":4,"column":21}},"loc":{"start":{"line":4,"column":67},"end":{"line":65,"column":null}},"line":4},"1":{"name":"(anonymous_1)","decl":{"start":{"line":7,"column":12},"end":{"line":7,"column":18}},"loc":{"start":{"line":7,"column":18},"end":{"line":19,"column":5}},"line":7},"2":{"name":"(anonymous_2)","decl":{"start":{"line":10,"column":6},"end":{"line":10,"column":12}},"loc":{"start":{"line":10,"column":12},"end":{"line":12,"column":null}},"line":10},"3":{"name":"(anonymous_3)","decl":{"start":{"line":16,"column":11},"end":{"line":16,"column":17}},"loc":{"start":{"line":16,"column":17},"end":{"line":18,"column":null}},"line":16}},"branchMap":{"0":{"loc":{"start":{"line":21,"column":2},"end":{"line":39,"column":null}},"type":"if","locations":[{"start":{"line":21,"column":2},"end":{"line":39,"column":null}},{"start":{},"end":{}}],"line":21},"1":{"loc":{"start":{"line":21,"column":6},"end":{"line":21,"column":31}},"type":"binary-expr","locations":[{"start":{"line":21,"column":6},"end":{"line":21,"column":20}},{"start":{"line":21,"column":20},"end":{"line":21,"column":31}}],"line":21},"2":{"loc":{"start":{"line":41,"column":2},"end":{"line":52,"column":null}},"type":"if","locations":[{"start":{"line":41,"column":2},"end":{"line":52,"column":null}},{"start":{},"end":{}}],"line":41}},"s":{"0":0,"1":0,"2":0,"3":0,"4":0,"5":0,"6":0,"7":0,"8":0,"9":0,"10":0,"11":0,"12":0,"13":0},"f":{"0":0,"1":0,"2":0,"3":0},"b":{"0":[0,0],"1":[0,0],"2":[0,0]},"meta":{"lastBranch":3,"lastFunction":4,"lastStatement":14,"seen":{"s:4:20:65:Infinity":0,"f:4:20:4:21":0,"s:5:42:5:Infinity":1,"s:6:24:6:Infinity":2,"s:7:2:19:Infinity":3,"f:7:12:7:18":1,"s:8:4:8:Infinity":4,"s:9:16:14:Infinity":5,"f:10:6:10:12":2,"s:11:8:11:Infinity":6,"s:16:4:18:Infinity":7,"f:16:11:16:17":3,"s:17:6:17:Infinity":8,"b:21:2:39:Infinity:undefined:undefined:undefined:undefined":0,"s:21:2:39:Infinity":9,"b:21:6:21:20:21:20:21:31":1,"s:22:4:37:Infinity":10,"b:41:2:52:Infinity:undefined:undefined:undefined:undefined":2,"s:41:2:52:Infinity":11,"s:42:4:50:Infinity":12,"s:54:2:63:Infinity":13}}}
,"C:\\Users\\Матвей\\web-course\\web-programming-course\\lessons\\lr7\\src\\components\\Auth\\index.ts": {"path":"C:\\Users\\Матвей\\web-course\\web-programming-course\\lessons\\lr7\\src\\components\\Auth\\index.ts","statementMap":{},"fnMap":{},"branchMap":{},"s":{},"f":{},"b":{},"meta":{"lastBranch":0,"lastFunction":0,"lastStatement":0,"seen":{}}}
,"C:\\Users\\Матвей\\web-course\\web-programming-course\\lessons\\lr7\\src\\components\\Auth\\useAuth.ts": {"path":"C:\\Users\\Матвей\\web-course\\web-programming-course\\lessons\\lr7\\src\\components\\Auth\\useAuth.ts","statementMap":{"0":{"start":{"line":5,"column":23},"end":{"line":18,"column":null}},"1":{"start":{"line":6,"column":43},"end":{"line":6,"column":null}},"2":{"start":{"line":8,"column":8},"end":{"line":11,"column":null}},"3":{"start":{"line":9,"column":22},"end":{"line":9,"column":null}},"4":{"start":{"line":10,"column":4},"end":{"line":10,"column":null}},"5":{"start":{"line":13,"column":8},"end":{"line":15,"column":null}},"6":{"start":{"line":14,"column":4},"end":{"line":14,"column":null}},"7":{"start":{"line":17,"column":2},"end":{"line":17,"column":null}}},"fnMap":{"0":{"name":"(anonymous_0)","decl":{"start":{"line":5,"column":23},"end":{"line":5,"column":29}},"loc":{"start":{"line":5,"column":29},"end":{"line":18,"column":null}},"line":5},"1":{"name":"(anonymous_1)","decl":{"start":{"line":8,"column":28},"end":{"line":8,"column":40}},"loc":{"start":{"line":8,"column":40},"end":{"line":11,"column":5}},"line":8},"2":{"name":"(anonymous_2)","decl":{"start":{"line":13,"column":29},"end":{"line":13,"column":41}},"loc":{"start":{"line":13,"column":41},"end":{"line":15,"column":5}},"line":13}},"branchMap":{},"s":{"0":0,"1":0,"2":0,"3":0,"4":0,"5":0,"6":0,"7":0},"f":{"0":0,"1":0,"2":0},"b":{},"meta":{"lastBranch":0,"lastFunction":3,"lastStatement":8,"seen":{"s:5:23:18:Infinity":0,"f:5:23:5:29":0,"s:6:43:6:Infinity":1,"s:8:8:11:Infinity":2,"f:8:28:8:40":1,"s:9:22:9:Infinity":3,"s:10:4:10:Infinity":4,"s:13:8:15:Infinity":5,"f:13:29:13:41":2,"s:14:4:14:Infinity":6,"s:17:2:17:Infinity":7}}}
,"C:\\Users\\Матвей\\web-course\\web-programming-course\\lessons\\lr7\\src\\components\\Auth\\useLocalStorageWithSubscription.ts": {"path":"C:\\Users\\Матвей\\web-course\\web-programming-course\\lessons\\lr7\\src\\components\\Auth\\useLocalStorageWithSubscription.ts","statementMap":{"0":{"start":{"line":4,"column":47},"end":{"line":48,"column":null}},"1":{"start":{"line":5,"column":8},"end":{"line":5,"column":null}},"2":{"start":{"line":7,"column":8},"end":{"line":14,"column":null}},"3":{"start":{"line":8,"column":4},"end":{"line":8,"column":null}},"4":{"start":{"line":9,"column":4},"end":{"line":13,"column":null}},"5":{"start":{"line":10,"column":6},"end":{"line":10,"column":null}},"6":{"start":{"line":12,"column":6},"end":{"line":12,"column":null}},"7":{"start":{"line":16,"column":2},"end":{"line":27,"column":null}},"8":{"start":{"line":17,"column":32},"end":{"line":21,"column":null}},"9":{"start":{"line":18,"column":6},"end":{"line":20,"column":null}},"10":{"start":{"line":19,"column":8},"end":{"line":19,"column":null}},"11":{"start":{"line":23,"column":4},"end":{"line":23,"column":null}},"12":{"start":{"line":24,"column":4},"end":{"line":26,"column":null}},"13":{"start":{"line":25,"column":6},"end":{"line":25,"column":null}},"14":{"start":{"line":29,"column":2},"end":{"line":47,"column":null}},"15":{"start":{"line":33,"column":21},"end":{"line":33,"column":null}},"16":{"start":{"line":34,"column":8},"end":{"line":36,"column":null}},"17":{"start":{"line":35,"column":10},"end":{"line":35,"column":null}},"18":{"start":{"line":37,"column":8},"end":{"line":41,"column":null}},"19":{"start":{"line":38,"column":10},"end":{"line":38,"column":null}},"20":{"start":{"line":40,"column":10},"end":{"line":40,"column":null}}},"fnMap":{"0":{"name":"(anonymous_0)","decl":{"start":{"line":4,"column":47},"end":{"line":4,"column":51}},"loc":{"start":{"line":4,"column":67},"end":{"line":48,"column":null}},"line":4},"1":{"name":"(anonymous_1)","decl":{"start":{"line":7,"column":31},"end":{"line":7,"column":32}},"loc":{"start":{"line":7,"column":57},"end":{"line":14,"column":5}},"line":7},"2":{"name":"(anonymous_2)","decl":{"start":{"line":16,"column":12},"end":{"line":16,"column":18}},"loc":{"start":{"line":16,"column":18},"end":{"line":27,"column":5}},"line":16},"3":{"name":"(anonymous_3)","decl":{"start":{"line":17,"column":32},"end":{"line":17,"column":33}},"loc":{"start":{"line":17,"column":57},"end":{"line":21,"column":null}},"line":17},"4":{"name":"(anonymous_4)","decl":{"start":{"line":24,"column":11},"end":{"line":24,"column":17}},"loc":{"start":{"line":24,"column":17},"end":{"line":26,"column":null}},"line":24},"5":{"name":"(anonymous_5)","decl":{"start":{"line":32,"column":15},"end":{"line":32,"column":21}},"loc":{"start":{"line":32,"column":21},"end":{"line":42,"column":null}},"line":32}},"branchMap":{"0":{"loc":{"start":{"line":9,"column":4},"end":{"line":13,"column":null}},"type":"if","locations":[{"start":{"line":9,"column":4},"end":{"line":13,"column":null}},{"start":{"line":11,"column":11},"end":{"line":13,"column":null}}],"line":9},"1":{"loc":{"start":{"line":18,"column":6},"end":{"line":20,"column":null}},"type":"if","locations":[{"start":{"line":18,"column":6},"end":{"line":20,"column":null}},{"start":{},"end":{}}],"line":18},"2":{"loc":{"start":{"line":34,"column":8},"end":{"line":36,"column":null}},"type":"if","locations":[{"start":{"line":34,"column":8},"end":{"line":36,"column":null}},{"start":{},"end":{}}],"line":34}},"s":{"0":0,"1":0,"2":0,"3":0,"4":0,"5":0,"6":0,"7":0,"8":0,"9":0,"10":0,"11":0,"12":0,"13":0,"14":0,"15":0,"16":0,"17":0,"18":0,"19":0,"20":0},"f":{"0":0,"1":0,"2":0,"3":0,"4":0,"5":0},"b":{"0":[0,0],"1":[0,0],"2":[0,0]},"meta":{"lastBranch":3,"lastFunction":6,"lastStatement":21,"seen":{"s:4:47:48:Infinity":0,"f:4:47:4:51":0,"s:5:8:5:Infinity":1,"s:7:8:14:Infinity":2,"f:7:31:7:32":1,"s:8:4:8:Infinity":3,"b:9:4:13:Infinity:11:11:13:Infinity":0,"s:9:4:13:Infinity":4,"s:10:6:10:Infinity":5,"s:12:6:12:Infinity":6,"s:16:2:27:Infinity":7,"f:16:12:16:18":2,"s:17:32:21:Infinity":8,"f:17:32:17:33":3,"b:18:6:20:Infinity:undefined:undefined:undefined:undefined":1,"s:18:6:20:Infinity":9,"s:19:8:19:Infinity":10,"s:23:4:23:Infinity":11,"s:24:4:26:Infinity":12,"f:24:11:24:17":4,"s:25:6:25:Infinity":13,"s:29:2:47:Infinity":14,"f:32:15:32:21":5,"s:33:21:33:Infinity":15,"b:34:8:36:Infinity:undefined:undefined:undefined:undefined":2,"s:34:8:36:Infinity":16,"s:35:10:35:Infinity":17,"s:37:8:41:Infinity":18,"s:38:10:38:Infinity":19,"s:40:10:40:Infinity":20}}}
,"C:\\Users\\Матвей\\web-course\\web-programming-course\\lessons\\lr7\\src\\components\\quiz\\EssayQuestion.tsx": {"path":"C:\\Users\\Матвей\\web-course\\web-programming-course\\lessons\\lr7\\src\\components\\quiz\\EssayQuestion.tsx","statementMap":{"0":{"start":{"line":10,"column":2},"end":{"line":12,"column":null}},"1":{"start":{"line":11,"column":4},"end":{"line":11,"column":null}},"2":{"start":{"line":14,"column":24},"end":{"line":14,"column":null}},"3":{"start":{"line":16,"column":28},"end":{"line":16,"column":null}},"4":{"start":{"line":17,"column":28},"end":{"line":17,"column":null}},"5":{"start":{"line":18,"column":28},"end":{"line":18,"column":null}},"6":{"start":{"line":19,"column":27},"end":{"line":19,"column":null}},"7":{"start":{"line":21,"column":2},"end":{"line":39,"column":null}},"8":{"start":{"line":26,"column":10},"end":{"line":26,"column":null}}},"fnMap":{"0":{"name":"EssayQuestion","decl":{"start":{"line":9,"column":16},"end":{"line":9,"column":30}},"loc":{"start":{"line":9,"column":77},"end":{"line":41,"column":null}},"line":9},"1":{"name":"(anonymous_1)","decl":{"start":{"line":25,"column":18},"end":{"line":25,"column":19}},"loc":{"start":{"line":26,"column":10},"end":{"line":26,"column":null}},"line":26}},"branchMap":{"0":{"loc":{"start":{"line":10,"column":2},"end":{"line":12,"column":null}},"type":"if","locations":[{"start":{"line":10,"column":2},"end":{"line":12,"column":null}},{"start":{},"end":{}}],"line":10},"1":{"loc":{"start":{"line":17,"column":28},"end":{"line":17,"column":null}},"type":"binary-expr","locations":[{"start":{"line":17,"column":28},"end":{"line":17,"column":55}},{"start":{"line":17,"column":55},"end":{"line":17,"column":null}}],"line":17},"2":{"loc":{"start":{"line":18,"column":28},"end":{"line":18,"column":null}},"type":"binary-expr","locations":[{"start":{"line":18,"column":28},"end":{"line":18,"column":55}},{"start":{"line":18,"column":55},"end":{"line":18,"column":null}}],"line":18},"3":{"loc":{"start":{"line":34,"column":33},"end":{"line":34,"column":75}},"type":"cond-expr","locations":[{"start":{"line":34,"column":43},"end":{"line":34,"column":61}},{"start":{"line":34,"column":61},"end":{"line":34,"column":75}}],"line":34},"4":{"loc":{"start":{"line":36,"column":9},"end":{"line":36,"column":null}},"type":"binary-expr","locations":[{"start":{"line":36,"column":9},"end":{"line":36,"column":26}},{"start":{"line":36,"column":26},"end":{"line":36,"column":null}}],"line":36}},"s":{"0":6,"1":0,"2":6,"3":6,"4":6,"5":6,"6":6,"7":6,"8":8},"f":{"0":6,"1":8},"b":{"0":[0,6],"1":[6,0],"2":[6,0],"3":[0,6],"4":[6,6]},"meta":{"lastBranch":5,"lastFunction":2,"lastStatement":9,"seen":{"f:9:16:9:30":0,"b:10:2:12:Infinity:undefined:undefined:undefined:undefined":0,"s:10:2:12:Infinity":0,"s:11:4:11:Infinity":1,"s:14:24:14:Infinity":2,"s:16:28:16:Infinity":3,"s:17:28:17:Infinity":4,"b:17:28:17:55:17:55:17:Infinity":1,"s:18:28:18:Infinity":5,"b:18:28:18:55:18:55:18:Infinity":2,"s:19:27:19:Infinity":6,"s:21:2:39:Infinity":7,"f:25:18:25:19":1,"s:26:10:26:Infinity":8,"b:34:43:34:61:34:61:34:75":3,"b:36:9:36:26:36:26:36:Infinity":4}}}
,"C:\\Users\\Матвей\\web-course\\web-programming-course\\lessons\\lr7\\src\\components\\quiz\\MultipleSelectQuestion.tsx": {"path":"C:\\Users\\Матвей\\web-course\\web-programming-course\\lessons\\lr7\\src\\components\\quiz\\MultipleSelectQuestion.tsx","statementMap":{"0":{"start":{"line":10,"column":13},"end":{"line":41,"column":null}},"1":{"start":{"line":12,"column":4},"end":{"line":12,"column":null}},"2":{"start":{"line":12,"column":38},"end":{"line":12,"column":null}},"3":{"start":{"line":14,"column":23},"end":{"line":14,"column":null}},"4":{"start":{"line":16,"column":4},"end":{"line":38,"column":null}},"5":{"start":{"line":19,"column":29},"end":{"line":19,"column":null}},"6":{"start":{"line":20,"column":10},"end":{"line":35,"column":null}},"7":{"start":{"line":24,"column":29},"end":{"line":24,"column":null}}},"fnMap":{"0":{"name":"(anonymous_0)","decl":{"start":{"line":11,"column":2},"end":{"line":11,"column":3}},"loc":{"start":{"line":11,"column":60},"end":{"line":40,"column":null}},"line":11},"1":{"name":"(anonymous_1)","decl":{"start":{"line":18,"column":32},"end":{"line":18,"column":33}},"loc":{"start":{"line":18,"column":51},"end":{"line":37,"column":9}},"line":18},"2":{"name":"(anonymous_2)","decl":{"start":{"line":24,"column":23},"end":{"line":24,"column":29}},"loc":{"start":{"line":24,"column":29},"end":{"line":24,"column":null}},"line":24}},"branchMap":{"0":{"loc":{"start":{"line":12,"column":4},"end":{"line":12,"column":null}},"type":"if","locations":[{"start":{"line":12,"column":4},"end":{"line":12,"column":null}},{"start":{},"end":{}}],"line":12},"1":{"loc":{"start":{"line":26,"column":16},"end":{"line":28,"column":null}},"type":"cond-expr","locations":[{"start":{"line":27,"column":20},"end":{"line":27,"column":null}},{"start":{"line":28,"column":20},"end":{"line":28,"column":null}}],"line":26},"2":{"loc":{"start":{"line":32,"column":17},"end":{"line":32,"column":null}},"type":"cond-expr","locations":[{"start":{"line":32,"column":30},"end":{"line":32,"column":36}},{"start":{"line":32,"column":36},"end":{"line":32,"column":null}}],"line":32}},"s":{"0":1,"1":2,"2":0,"3":2,"4":2,"5":8,"6":8,"7":1},"f":{"0":2,"1":8,"2":1},"b":{"0":[0,2],"1":[0,8],"2":[0,8]},"meta":{"lastBranch":3,"lastFunction":3,"lastStatement":8,"seen":{"s:10:13:41:Infinity":0,"f:11:2:11:3":0,"b:12:4:12:Infinity:undefined:undefined:undefined:undefined":0,"s:12:4:12:Infinity":1,"s:12:38:12:Infinity":2,"s:14:23:14:Infinity":3,"s:16:4:38:Infinity":4,"f:18:32:18:33":1,"s:19:29:19:Infinity":5,"s:20:10:35:Infinity":6,"f:24:23:24:29":2,"s:24:29:24:Infinity":7,"b:27:20:27:Infinity:28:20:28:Infinity":1,"b:32:30:32:36:32:36:32:Infinity":2}}}
,"C:\\Users\\Матвей\\web-course\\web-programming-course\\lessons\\lr7\\src\\components\\quiz\\QuizButton.tsx": {"path":"C:\\Users\\Матвей\\web-course\\web-programming-course\\lessons\\lr7\\src\\components\\quiz\\QuizButton.tsx","statementMap":{"0":{"start":{"line":14,"column":20},"end":{"line":14,"column":null}},"1":{"start":{"line":15,"column":23},"end":{"line":17,"column":null}},"2":{"start":{"line":18,"column":24},"end":{"line":18,"column":null}},"3":{"start":{"line":20,"column":2},"end":{"line":27,"column":null}}},"fnMap":{"0":{"name":"QuizButton","decl":{"start":{"line":8,"column":16},"end":{"line":8,"column":27}},"loc":{"start":{"line":13,"column":20},"end":{"line":29,"column":null}},"line":13}},"branchMap":{"0":{"loc":{"start":{"line":12,"column":2},"end":{"line":12,"column":null}},"type":"default-arg","locations":[{"start":{"line":12,"column":12},"end":{"line":12,"column":null}}],"line":12},"1":{"loc":{"start":{"line":15,"column":23},"end":{"line":17,"column":null}},"type":"cond-expr","locations":[{"start":{"line":16,"column":6},"end":{"line":16,"column":null}},{"start":{"line":17,"column":6},"end":{"line":17,"column":null}}],"line":15},"2":{"loc":{"start":{"line":18,"column":24},"end":{"line":18,"column":null}},"type":"cond-expr","locations":[{"start":{"line":18,"column":35},"end":{"line":18,"column":69}},{"start":{"line":18,"column":69},"end":{"line":18,"column":null}}],"line":18}},"s":{"0":6,"1":6,"2":6,"3":6},"f":{"0":6},"b":{"0":[6],"1":[5,1],"2":[2,4]},"meta":{"lastBranch":3,"lastFunction":1,"lastStatement":4,"seen":{"f:8:16:8:27":0,"b:12:12:12:Infinity":0,"s:14:20:14:Infinity":0,"s:15:23:17:Infinity":1,"b:16:6:16:Infinity:17:6:17:Infinity":1,"s:18:24:18:Infinity":2,"b:18:35:18:69:18:69:18:Infinity":2,"s:20:2:27:Infinity":3}}}
,"C:\\Users\\Матвей\\web-course\\web-programming-course\\lessons\\lr7\\src\\components\\quiz\\QuizProgress.tsx": {"path":"C:\\Users\\Матвей\\web-course\\web-programming-course\\lessons\\lr7\\src\\components\\quiz\\QuizProgress.tsx","statementMap":{"0":{"start":{"line":7,"column":8},"end":{"line":7,"column":null}},"1":{"start":{"line":9,"column":2},"end":{"line":21,"column":null}}},"fnMap":{"0":{"name":"QuizProgress","decl":{"start":{"line":6,"column":16},"end":{"line":6,"column":29}},"loc":{"start":{"line":6,"column":56},"end":{"line":23,"column":null}},"line":6}},"branchMap":{},"s":{"0":0,"1":0},"f":{"0":0},"b":{},"meta":{"lastBranch":0,"lastFunction":1,"lastStatement":2,"seen":{"f:6:16:6:29":0,"s:7:8:7:Infinity":0,"s:9:2:21:Infinity":1}}}
,"C:\\Users\\Матвей\\web-course\\web-programming-course\\lessons\\lr7\\src\\data\\questions.ts": {"path":"C:\\Users\\Матвей\\web-course\\web-programming-course\\lessons\\lr7\\src\\data\\questions.ts","statementMap":{"0":{"start":{"line":3,"column":41},"end":{"line":36,"column":null}}},"fnMap":{},"branchMap":{},"s":{"0":1},"f":{},"b":{},"meta":{"lastBranch":0,"lastFunction":0,"lastStatement":1,"seen":{"s:3:41:36:Infinity":0}}}
,"C:\\Users\\Матвей\\web-course\\web-programming-course\\lessons\\lr7\\src\\stores\\gameStore.ts": {"path":"C:\\Users\\Матвей\\web-course\\web-programming-course\\lessons\\lr7\\src\\stores\\gameStore.ts","statementMap":{"0":{"start":{"line":6,"column":48},"end":{"line":6,"column":null}},"1":{"start":{"line":7,"column":26},"end":{"line":7,"column":null}},"2":{"start":{"line":8,"column":25},"end":{"line":8,"column":null}},"3":{"start":{"line":9,"column":10},"end":{"line":9,"column":null}},"4":{"start":{"line":10,"column":30},"end":{"line":10,"column":null}},"5":{"start":{"line":11,"column":15},"end":{"line":11,"column":null}},"6":{"start":{"line":12,"column":32},"end":{"line":12,"column":null}},"7":{"start":{"line":15,"column":4},"end":{"line":15,"column":null}},"8":{"start":{"line":19,"column":4},"end":{"line":19,"column":null}},"9":{"start":{"line":20,"column":4},"end":{"line":20,"column":null}},"10":{"start":{"line":21,"column":4},"end":{"line":21,"column":null}},"11":{"start":{"line":22,"column":4},"end":{"line":22,"column":null}},"12":{"start":{"line":23,"column":4},"end":{"line":23,"column":null}},"13":{"start":{"line":24,"column":4},"end":{"line":24,"column":null}},"14":{"start":{"line":25,"column":4},"end":{"line":25,"column":null}},"15":{"start":{"line":29,"column":4},"end":{"line":29,"column":null}},"16":{"start":{"line":33,"column":4},"end":{"line":33,"column":null}},"17":{"start":{"line":37,"column":4},"end":{"line":37,"column":null}},"18":{"start":{"line":38,"column":4},"end":{"line":38,"column":null}},"19":{"start":{"line":39,"column":4},"end":{"line":39,"column":null}},"20":{"start":{"line":40,"column":4},"end":{"line":40,"column":null}},"21":{"start":{"line":41,"column":4},"end":{"line":41,"column":null}},"22":{"start":{"line":42,"column":4},"end":{"line":42,"column":null}},"23":{"start":{"line":43,"column":4},"end":{"line":43,"column":null}},"24":{"start":{"line":47,"column":18},"end":{"line":47,"column":null}},"25":{"start":{"line":48,"column":4},"end":{"line":52,"column":null}},"26":{"start":{"line":49,"column":6},"end":{"line":49,"column":null}},"27":{"start":{"line":49,"column":62},"end":{"line":49,"column":79}},"28":{"start":{"line":51,"column":6},"end":{"line":51,"column":null}},"29":{"start":{"line":56,"column":4},"end":{"line":56,"column":null}},"30":{"start":{"line":60,"column":28},"end":{"line":60,"column":null}},"31":{"start":{"line":61,"column":4},"end":{"line":61,"column":null}},"32":{"start":{"line":61,"column":26},"end":{"line":61,"column":null}},"33":{"start":{"line":63,"column":27},"end":{"line":68,"column":null}},"34":{"start":{"line":70,"column":4},"end":{"line":78,"column":null}},"35":{"start":{"line":71,"column":6},"end":{"line":71,"column":null}},"36":{"start":{"line":72,"column":6},"end":{"line":74,"column":null}},"37":{"start":{"line":73,"column":9},"end":{"line":73,"column":null}},"38":{"start":{"line":75,"column":4},"end":{"line":78,"column":null}},"39":{"start":{"line":76,"column":6},"end":{"line":76,"column":null}},"40":{"start":{"line":77,"column":6},"end":{"line":77,"column":null}},"41":{"start":{"line":80,"column":4},"end":{"line":80,"column":null}},"42":{"start":{"line":84,"column":4},"end":{"line":84,"column":null}},"43":{"start":{"line":85,"column":4},"end":{"line":85,"column":null}},"44":{"start":{"line":89,"column":4},"end":{"line":89,"column":null}},"45":{"start":{"line":93,"column":4},"end":{"line":98,"column":null}},"46":{"start":{"line":94,"column":6},"end":{"line":94,"column":null}},"47":{"start":{"line":96,"column":6},"end":{"line":96,"column":null}},"48":{"start":{"line":97,"column":6},"end":{"line":97,"column":null}},"49":{"start":{"line":102,"column":4},"end":{"line":102,"column":null}},"50":{"start":{"line":106,"column":4},"end":{"line":106,"column":null}},"51":{"start":{"line":106,"column":37},"end":{"line":106,"column":null}},"52":{"start":{"line":107,"column":4},"end":{"line":107,"column":null}},"53":{"start":{"line":111,"column":4},"end":{"line":111,"column":null}},"54":{"start":{"line":115,"column":4},"end":{"line":115,"column":null}},"55":{"start":{"line":115,"column":51},"end":{"line":115,"column":67}},"56":{"start":{"line":119,"column":4},"end":{"line":119,"column":null}},"57":{"start":{"line":123,"column":4},"end":{"line":123,"column":null}},"58":{"start":{"line":127,"column":25},"end":{"line":127,"column":null}}},"fnMap":{"0":{"name":"(anonymous_0)","decl":{"start":{"line":14,"column":2},"end":{"line":14,"column":16}},"loc":{"start":{"line":14,"column":16},"end":{"line":16,"column":null}},"line":14},"1":{"name":"(anonymous_1)","decl":{"start":{"line":18,"column":2},"end":{"line":18,"column":14}},"loc":{"start":{"line":18,"column":14},"end":{"line":26,"column":null}},"line":18},"2":{"name":"(anonymous_2)","decl":{"start":{"line":28,"column":2},"end":{"line":28,"column":16}},"loc":{"start":{"line":28,"column":57},"end":{"line":30,"column":null}},"line":28},"3":{"name":"(anonymous_3)","decl":{"start":{"line":32,"column":2},"end":{"line":32,"column":15}},"loc":{"start":{"line":32,"column":15},"end":{"line":34,"column":null}},"line":32},"4":{"name":"(anonymous_4)","decl":{"start":{"line":36,"column":2},"end":{"line":36,"column":14}},"loc":{"start":{"line":36,"column":14},"end":{"line":44,"column":null}},"line":36},"5":{"name":"(anonymous_5)","decl":{"start":{"line":46,"column":2},"end":{"line":46,"column":15}},"loc":{"start":{"line":46,"column":36},"end":{"line":53,"column":null}},"line":46},"6":{"name":"(anonymous_6)","decl":{"start":{"line":49,"column":57},"end":{"line":49,"column":62}},"loc":{"start":{"line":49,"column":62},"end":{"line":49,"column":79}},"line":49},"7":{"name":"(anonymous_7)","decl":{"start":{"line":55,"column":2},"end":{"line":55,"column":16}},"loc":{"start":{"line":55,"column":30},"end":{"line":57,"column":null}},"line":55},"8":{"name":"(anonymous_8)","decl":{"start":{"line":59,"column":2},"end":{"line":59,"column":22}},"loc":{"start":{"line":59,"column":22},"end":{"line":81,"column":null}},"line":59},"9":{"name":"(anonymous_9)","decl":{"start":{"line":72,"column":52},"end":{"line":72,"column":null}},"loc":{"start":{"line":73,"column":9},"end":{"line":73,"column":null}},"line":73},"10":{"name":"(anonymous_10)","decl":{"start":{"line":83,"column":2},"end":{"line":83,"column":23}},"loc":{"start":{"line":83,"column":23},"end":{"line":86,"column":null}},"line":83},"11":{"name":"(anonymous_11)","decl":{"start":{"line":88,"column":2},"end":{"line":88,"column":22}},"loc":{"start":{"line":88,"column":45},"end":{"line":90,"column":null}},"line":88},"12":{"name":"(anonymous_12)","decl":{"start":{"line":92,"column":2},"end":{"line":92,"column":17}},"loc":{"start":{"line":92,"column":17},"end":{"line":99,"column":null}},"line":92},"13":{"name":"(anonymous_13)","decl":{"start":{"line":101,"column":6},"end":{"line":101,"column":41}},"loc":{"start":{"line":101,"column":41},"end":{"line":103,"column":null}},"line":101},"14":{"name":"(anonymous_14)","decl":{"start":{"line":105,"column":6},"end":{"line":105,"column":25}},"loc":{"start":{"line":105,"column":25},"end":{"line":108,"column":null}},"line":105},"15":{"name":"(anonymous_15)","decl":{"start":{"line":110,"column":6},"end":{"line":110,"column":32}},"loc":{"start":{"line":110,"column":32},"end":{"line":112,"column":null}},"line":110},"16":{"name":"(anonymous_16)","decl":{"start":{"line":114,"column":6},"end":{"line":114,"column":36}},"loc":{"start":{"line":114,"column":36},"end":{"line":116,"column":null}},"line":114},"17":{"name":"(anonymous_17)","decl":{"start":{"line":115,"column":41},"end":{"line":115,"column":51}},"loc":{"start":{"line":115,"column":51},"end":{"line":115,"column":67}},"line":115},"18":{"name":"(anonymous_18)","decl":{"start":{"line":118,"column":6},"end":{"line":118,"column":27}},"loc":{"start":{"line":118,"column":27},"end":{"line":120,"column":null}},"line":118},"19":{"name":"(anonymous_19)","decl":{"start":{"line":122,"column":6},"end":{"line":122,"column":26}},"loc":{"start":{"line":122,"column":26},"end":{"line":124,"column":null}},"line":122}},"branchMap":{"0":{"loc":{"start":{"line":48,"column":4},"end":{"line":52,"column":null}},"type":"if","locations":[{"start":{"line":48,"column":4},"end":{"line":52,"column":null}},{"start":{"line":50,"column":11},"end":{"line":52,"column":null}}],"line":48},"1":{"loc":{"start":{"line":61,"column":4},"end":{"line":61,"column":null}},"type":"if","locations":[{"start":{"line":61,"column":4},"end":{"line":61,"column":null}},{"start":{},"end":{}}],"line":61},"2":{"loc":{"start":{"line":70,"column":4},"end":{"line":78,"column":null}},"type":"if","locations":[{"start":{"line":70,"column":4},"end":{"line":78,"column":null}},{"start":{"line":75,"column":4},"end":{"line":78,"column":null}}],"line":70},"3":{"loc":{"start":{"line":75,"column":4},"end":{"line":78,"column":null}},"type":"if","locations":[{"start":{"line":75,"column":4},"end":{"line":78,"column":null}},{"start":{},"end":{}}],"line":75},"4":{"loc":{"start":{"line":93,"column":4},"end":{"line":98,"column":null}},"type":"if","locations":[{"start":{"line":93,"column":4},"end":{"line":98,"column":null}},{"start":{"line":95,"column":11},"end":{"line":98,"column":null}}],"line":93},"5":{"loc":{"start":{"line":102,"column":11},"end":{"line":102,"column":null}},"type":"binary-expr","locations":[{"start":{"line":102,"column":11},"end":{"line":102,"column":56}},{"start":{"line":102,"column":56},"end":{"line":102,"column":null}}],"line":102},"6":{"loc":{"start":{"line":106,"column":4},"end":{"line":106,"column":null}},"type":"if","locations":[{"start":{"line":106,"column":4},"end":{"line":106,"column":null}},{"start":{},"end":{}}],"line":106}},"s":{"0":5,"1":5,"2":5,"3":5,"4":5,"5":5,"6":5,"7":5,"8":0,"9":0,"10":0,"11":0,"12":0,"13":0,"14":0,"15":0,"16":0,"17":0,"18":0,"19":0,"20":0,"21":0,"22":0,"23":0,"24":2,"25":2,"26":1,"27":1,"28":1,"29":2,"30":0,"31":0,"32":0,"33":0,"34":0,"35":0,"36":0,"37":0,"38":0,"39":0,"40":0,"41":0,"42":1,"43":1,"44":0,"45":1,"46":0,"47":1,"48":1,"49":0,"50":0,"51":0,"52":0,"53":1,"54":0,"55":0,"56":1,"57":1,"58":1},"f":{"0":5,"1":0,"2":0,"3":0,"4":0,"5":2,"6":1,"7":2,"8":0,"9":0,"10":1,"11":0,"12":1,"13":0,"14":0,"15":1,"16":0,"17":0,"18":1,"19":1},"b":{"0":[1,1],"1":[0,0],"2":[0,0],"3":[0,0],"4":[0,1],"5":[0,0],"6":[0,0]},"meta":{"lastBranch":7,"lastFunction":20,"lastStatement":59,"seen":{"s:6:48:6:Infinity":0,"s:7:26:7:Infinity":1,"s:8:25:8:Infinity":2,"s:9:10:9:Infinity":3,"s:10:30:10:Infinity":4,"s:11:15:11:Infinity":5,"s:12:32:12:Infinity":6,"f:14:2:14:16":0,"s:15:4:15:Infinity":7,"f:18:2:18:14":1,"s:19:4:19:Infinity":8,"s:20:4:20:Infinity":9,"s:21:4:21:Infinity":10,"s:22:4:22:Infinity":11,"s:23:4:23:Infinity":12,"s:24:4:24:Infinity":13,"s:25:4:25:Infinity":14,"f:28:2:28:16":2,"s:29:4:29:Infinity":15,"f:32:2:32:15":3,"s:33:4:33:Infinity":16,"f:36:2:36:14":4,"s:37:4:37:Infinity":17,"s:38:4:38:Infinity":18,"s:39:4:39:Infinity":19,"s:40:4:40:Infinity":20,"s:41:4:41:Infinity":21,"s:42:4:42:Infinity":22,"s:43:4:43:Infinity":23,"f:46:2:46:15":5,"s:47:18:47:Infinity":24,"b:48:4:52:Infinity:50:11:52:Infinity":0,"s:48:4:52:Infinity":25,"s:49:6:49:Infinity":26,"f:49:57:49:62":6,"s:49:62:49:79":27,"s:51:6:51:Infinity":28,"f:55:2:55:16":7,"s:56:4:56:Infinity":29,"f:59:2:59:22":8,"s:60:28:60:Infinity":30,"b:61:4:61:Infinity:undefined:undefined:undefined:undefined":1,"s:61:4:61:Infinity":31,"s:61:26:61:Infinity":32,"s:63:27:68:Infinity":33,"b:70:4:78:Infinity:75:4:78:Infinity":2,"s:70:4:78:Infinity":34,"s:71:6:71:Infinity":35,"s:72:6:74:Infinity":36,"f:72:52:72:Infinity":9,"s:73:9:73:Infinity":37,"b:75:4:78:Infinity:undefined:undefined:undefined:undefined":3,"s:75:4:78:Infinity":38,"s:76:6:76:Infinity":39,"s:77:6:77:Infinity":40,"s:80:4:80:Infinity":41,"f:83:2:83:23":10,"s:84:4:84:Infinity":42,"s:85:4:85:Infinity":43,"f:88:2:88:22":11,"s:89:4:89:Infinity":44,"f:92:2:92:17":12,"b:93:4:98:Infinity:95:11:98:Infinity":4,"s:93:4:98:Infinity":45,"s:94:6:94:Infinity":46,"s:96:6:96:Infinity":47,"s:97:6:97:Infinity":48,"f:101:6:101:41":13,"s:102:4:102:Infinity":49,"b:102:11:102:56:102:56:102:Infinity":5,"f:105:6:105:25":14,"b:106:4:106:Infinity:undefined:undefined:undefined:undefined":6,"s:106:4:106:Infinity":50,"s:106:37:106:Infinity":51,"s:107:4:107:Infinity":52,"f:110:6:110:32":15,"s:111:4:111:Infinity":53,"f:114:6:114:36":16,"s:115:4:115:Infinity":54,"f:115:41:115:51":17,"s:115:51:115:67":55,"f:118:6:118:27":18,"s:119:4:119:Infinity":56,"f:122:6:122:26":19,"s:123:4:123:Infinity":57,"s:127:25:127:Infinity":58}}}
,"C:\\Users\\Матвей\\web-course\\web-programming-course\\lessons\\lr7\\src\\stores\\uiStore.ts": {"path":"C:\\Users\\Матвей\\web-course\\web-programming-course\\lessons\\lr7\\src\\stores\\uiStore.ts","statementMap":{"0":{"start":{"line":14,"column":13},"end":{"line":36,"column":null}},"1":{"start":{"line":16,"column":12},"end":{"line":31,"column":null}},"2":{"start":{"line":20,"column":34},"end":{"line":20,"column":null}},"3":{"start":{"line":23,"column":8},"end":{"line":25,"column":null}},"4":{"start":{"line":23,"column":22},"end":{"line":25,"column":10}},"5":{"start":{"line":28,"column":8},"end":{"line":30,"column":null}},"6":{"start":{"line":28,"column":22},"end":{"line":30,"column":10}}},"fnMap":{"0":{"name":"(anonymous_0)","decl":{"start":{"line":16,"column":4},"end":{"line":16,"column":12}},"loc":{"start":{"line":16,"column":12},"end":{"line":31,"column":null}},"line":16},"1":{"name":"(anonymous_1)","decl":{"start":{"line":20,"column":16},"end":{"line":20,"column":17}},"loc":{"start":{"line":20,"column":34},"end":{"line":20,"column":null}},"line":20},"2":{"name":"(anonymous_2)","decl":{"start":{"line":22,"column":19},"end":{"line":22,"column":null}},"loc":{"start":{"line":23,"column":8},"end":{"line":25,"column":null}},"line":23},"3":{"name":"(anonymous_3)","decl":{"start":{"line":23,"column":12},"end":{"line":23,"column":22}},"loc":{"start":{"line":23,"column":22},"end":{"line":25,"column":10}},"line":23},"4":{"name":"(anonymous_4)","decl":{"start":{"line":27,"column":19},"end":{"line":27,"column":null}},"loc":{"start":{"line":28,"column":8},"end":{"line":30,"column":null}},"line":28},"5":{"name":"(anonymous_5)","decl":{"start":{"line":28,"column":12},"end":{"line":28,"column":22}},"loc":{"start":{"line":28,"column":22},"end":{"line":30,"column":10}},"line":28}},"branchMap":{"0":{"loc":{"start":{"line":24,"column":17},"end":{"line":24,"column":null}},"type":"cond-expr","locations":[{"start":{"line":24,"column":43},"end":{"line":24,"column":52}},{"start":{"line":24,"column":52},"end":{"line":24,"column":null}}],"line":24}},"s":{"0":0,"1":0,"2":0,"3":0,"4":0,"5":0,"6":0},"f":{"0":0,"1":0,"2":0,"3":0,"4":0,"5":0},"b":{"0":[0,0]},"meta":{"lastBranch":1,"lastFunction":6,"lastStatement":7,"seen":{"s:14:13:36:Infinity":0,"f:16:4:16:12":0,"s:16:12:31:Infinity":1,"f:20:16:20:17":1,"s:20:34:20:Infinity":2,"f:22:19:22:Infinity":2,"s:23:8:25:Infinity":3,"f:23:12:23:22":3,"s:23:22:25:10":4,"b:24:43:24:52:24:52:24:Infinity":0,"f:27:19:27:Infinity":4,"s:28:8:30:Infinity":5,"f:28:12:28:22":5,"s:28:22:30:10":6}}}
,"C:\\Users\\Матвей\\web-course\\web-programming-course\\lessons\\lr7\\src\\tasks\\Task4.tsx": {"path":"C:\\Users\\Матвей\\web-course\\web-programming-course\\lessons\\lr7\\src\\tasks\\Task4.tsx","statementMap":{"0":{"start":{"line":20,"column":6},"end":{"line":229,"column":null}},"1":{"start":{"line":21,"column":32},"end":{"line":21,"column":null}},"2":{"start":{"line":23,"column":8},"end":{"line":23,"column":null}},"3":{"start":{"line":24,"column":8},"end":{"line":24,"column":null}},"4":{"start":{"line":25,"column":8},"end":{"line":25,"column":null}},"5":{"start":{"line":34,"column":6},"end":{"line":34,"column":null}},"6":{"start":{"line":36,"column":8},"end":{"line":36,"column":null}},"7":{"start":{"line":36,"column":36},"end":{"line":36,"column":47}},"8":{"start":{"line":37,"column":8},"end":{"line":37,"column":null}},"9":{"start":{"line":37,"column":42},"end":{"line":37,"column":59}},"10":{"start":{"line":40,"column":4},"end":{"line":42,"column":null}},"11":{"start":{"line":44,"column":17},"end":{"line":44,"column":null}},"12":{"start":{"line":45,"column":20},"end":{"line":45,"column":null}},"13":{"start":{"line":46,"column":23},"end":{"line":46,"column":null}},"14":{"start":{"line":48,"column":4},"end":{"line":48,"column":null}},"15":{"start":{"line":50,"column":26},"end":{"line":86,"column":null}},"16":{"start":{"line":51,"column":4},"end":{"line":85,"column":null}},"17":{"start":{"line":55,"column":10},"end":{"line":55,"column":null}},"18":{"start":{"line":57,"column":40},"end":{"line":79,"column":null}},"19":{"start":{"line":58,"column":12},"end":{"line":78,"column":null}},"20":{"start":{"line":59,"column":55},"end":{"line":66,"column":null}},"21":{"start":{"line":67,"column":14},"end":{"line":67,"column":null}},"22":{"start":{"line":69,"column":47},"end":{"line":76,"column":null}},"23":{"start":{"line":77,"column":14},"end":{"line":77,"column":null}},"24":{"start":{"line":81,"column":10},"end":{"line":81,"column":null}},"25":{"start":{"line":82,"column":10},"end":{"line":82,"column":null}},"26":{"start":{"line":88,"column":29},"end":{"line":114,"column":null}},"27":{"start":{"line":89,"column":4},"end":{"line":89,"column":null}},"28":{"start":{"line":89,"column":40},"end":{"line":89,"column":null}},"29":{"start":{"line":95,"column":8},"end":{"line":97,"column":null}},"30":{"start":{"line":99,"column":4},"end":{"line":103,"column":null}},"31":{"start":{"line":100,"column":6},"end":{"line":100,"column":null}},"32":{"start":{"line":102,"column":6},"end":{"line":102,"column":null}},"33":{"start":{"line":105,"column":4},"end":{"line":113,"column":null}},"34":{"start":{"line":109,"column":10},"end":{"line":109,"column":null}},"35":{"start":{"line":110,"column":10},"end":{"line":110,"column":null}},"36":{"start":{"line":116,"column":27},"end":{"line":128,"column":null}},"37":{"start":{"line":117,"column":4},"end":{"line":120,"column":null}},"38":{"start":{"line":118,"column":6},"end":{"line":118,"column":null}},"39":{"start":{"line":119,"column":6},"end":{"line":119,"column":null}},"40":{"start":{"line":122,"column":4},"end":{"line":127,"column":null}},"41":{"start":{"line":125,"column":25},"end":{"line":125,"column":null}},"42":{"start":{"line":131,"column":4},"end":{"line":135,"column":null}},"43":{"start":{"line":139,"column":2},"end":{"line":169,"column":null}},"44":{"start":{"line":140,"column":4},"end":{"line":167,"column":null}},"45":{"start":{"line":171,"column":2},"end":{"line":171,"column":null}},"46":{"start":{"line":171,"column":24},"end":{"line":171,"column":null}},"47":{"start":{"line":175,"column":2},"end":{"line":227,"column":null}},"48":{"start":{"line":196,"column":39},"end":{"line":196,"column":null}},"49":{"start":{"line":204,"column":36},"end":{"line":204,"column":null}}},"fnMap":{"0":{"name":"(anonymous_0)","decl":{"start":{"line":20,"column":23},"end":{"line":20,"column":29}},"loc":{"start":{"line":20,"column":29},"end":{"line":229,"column":1}},"line":20},"1":{"name":"(anonymous_1)","decl":{"start":{"line":36,"column":27},"end":{"line":36,"column":36}},"loc":{"start":{"line":36,"column":36},"end":{"line":36,"column":47}},"line":36},"2":{"name":"(anonymous_2)","decl":{"start":{"line":37,"column":33},"end":{"line":37,"column":42}},"loc":{"start":{"line":37,"column":42},"end":{"line":37,"column":59}},"line":37},"3":{"name":"(anonymous_3)","decl":{"start":{"line":50,"column":26},"end":{"line":50,"column":32}},"loc":{"start":{"line":50,"column":32},"end":{"line":86,"column":null}},"line":50},"4":{"name":"(anonymous_4)","decl":{"start":{"line":54,"column":19},"end":{"line":54,"column":31}},"loc":{"start":{"line":54,"column":31},"end":{"line":83,"column":null}},"line":54},"5":{"name":"(anonymous_5)","decl":{"start":{"line":57,"column":63},"end":{"line":57,"column":68}},"loc":{"start":{"line":57,"column":68},"end":{"line":79,"column":11}},"line":57},"6":{"name":"(anonymous_6)","decl":{"start":{"line":88,"column":29},"end":{"line":88,"column":35}},"loc":{"start":{"line":88,"column":35},"end":{"line":114,"column":null}},"line":88},"7":{"name":"(anonymous_7)","decl":{"start":{"line":108,"column":19},"end":{"line":108,"column":25}},"loc":{"start":{"line":108,"column":25},"end":{"line":111,"column":null}},"line":108},"8":{"name":"(anonymous_8)","decl":{"start":{"line":116,"column":27},"end":{"line":116,"column":33}},"loc":{"start":{"line":116,"column":33},"end":{"line":128,"column":null}},"line":116},"9":{"name":"(anonymous_9)","decl":{"start":{"line":125,"column":19},"end":{"line":125,"column":25}},"loc":{"start":{"line":125,"column":25},"end":{"line":125,"column":null}},"line":125},"10":{"name":"(anonymous_10)","decl":{"start":{"line":196,"column":30},"end":{"line":196,"column":39}},"loc":{"start":{"line":196,"column":39},"end":{"line":196,"column":null}},"line":196},"11":{"name":"(anonymous_11)","decl":{"start":{"line":204,"column":28},"end":{"line":204,"column":36}},"loc":{"start":{"line":204,"column":36},"end":{"line":204,"column":null}},"line":204}},"branchMap":{"0":{"loc":{"start":{"line":40,"column":4},"end":{"line":42,"column":null}},"type":"cond-expr","locations":[{"start":{"line":41,"column":8},"end":{"line":41,"column":null}},{"start":{"line":42,"column":8},"end":{"line":42,"column":null}}],"line":40},"1":{"loc":{"start":{"line":44,"column":17},"end":{"line":44,"column":null}},"type":"cond-expr","locations":[{"start":{"line":44,"column":37},"end":{"line":44,"column":50}},{"start":{"line":44,"column":50},"end":{"line":44,"column":null}}],"line":44},"2":{"loc":{"start":{"line":45,"column":20},"end":{"line":45,"column":null}},"type":"cond-expr","locations":[{"start":{"line":45,"column":40},"end":{"line":45,"column":58}},{"start":{"line":45,"column":58},"end":{"line":45,"column":null}}],"line":45},"3":{"loc":{"start":{"line":46,"column":23},"end":{"line":46,"column":null}},"type":"cond-expr","locations":[{"start":{"line":46,"column":43},"end":{"line":46,"column":61}},{"start":{"line":46,"column":61},"end":{"line":46,"column":null}}],"line":46},"4":{"loc":{"start":{"line":48,"column":4},"end":{"line":48,"column":null}},"type":"cond-expr","locations":[{"start":{"line":48,"column":24},"end":{"line":48,"column":48}},{"start":{"line":48,"column":48},"end":{"line":48,"column":null}}],"line":48},"5":{"loc":{"start":{"line":58,"column":12},"end":{"line":78,"column":null}},"type":"if","locations":[{"start":{"line":58,"column":12},"end":{"line":78,"column":null}},{"start":{"line":68,"column":19},"end":{"line":78,"column":null}}],"line":58},"6":{"loc":{"start":{"line":58,"column":16},"end":{"line":58,"column":51}},"type":"binary-expr","locations":[{"start":{"line":58,"column":16},"end":{"line":58,"column":29}},{"start":{"line":58,"column":29},"end":{"line":58,"column":51}}],"line":58},"7":{"loc":{"start":{"line":89,"column":4},"end":{"line":89,"column":null}},"type":"if","locations":[{"start":{"line":89,"column":4},"end":{"line":89,"column":null}},{"start":{},"end":{}}],"line":89},"8":{"loc":{"start":{"line":89,"column":8},"end":{"line":89,"column":40}},"type":"binary-expr","locations":[{"start":{"line":89,"column":8},"end":{"line":89,"column":22}},{"start":{"line":89,"column":22},"end":{"line":89,"column":40}}],"line":89},"9":{"loc":{"start":{"line":99,"column":4},"end":{"line":103,"column":null}},"type":"if","locations":[{"start":{"line":99,"column":4},"end":{"line":103,"column":null}},{"start":{"line":101,"column":11},"end":{"line":103,"column":null}}],"line":99},"10":{"loc":{"start":{"line":117,"column":4},"end":{"line":120,"column":null}},"type":"if","locations":[{"start":{"line":117,"column":4},"end":{"line":120,"column":null}},{"start":{},"end":{}}],"line":117},"11":{"loc":{"start":{"line":131,"column":4},"end":{"line":135,"column":null}},"type":"cond-expr","locations":[{"start":{"line":132,"column":8},"end":{"line":132,"column":null}},{"start":{"line":133,"column":8},"end":{"line":135,"column":null}}],"line":131},"12":{"loc":{"start":{"line":133,"column":8},"end":{"line":135,"column":null}},"type":"cond-expr","locations":[{"start":{"line":134,"column":8},"end":{"line":134,"column":null}},{"start":{"line":135,"column":8},"end":{"line":135,"column":null}}],"line":133},"13":{"loc":{"start":{"line":134,"column":37},"end":{"line":134,"column":null}},"type":"binary-expr","locations":[{"start":{"line":134,"column":37},"end":{"line":134,"column":66}},{"start":{"line":134,"column":66},"end":{"line":134,"column":null}}],"line":134},"14":{"loc":{"start":{"line":139,"column":2},"end":{"line":169,"column":null}},"type":"if","locations":[{"start":{"line":139,"column":2},"end":{"line":169,"column":null}},{"start":{},"end":{}}],"line":139},"15":{"loc":{"start":{"line":150,"column":15},"end":{"line":150,"column":null}},"type":"cond-expr","locations":[{"start":{"line":150,"column":35},"end":{"line":150,"column":42}},{"start":{"line":150,"column":42},"end":{"line":150,"column":null}}],"line":150},"16":{"loc":{"start":{"line":164,"column":13},"end":{"line":164,"column":null}},"type":"cond-expr","locations":[{"start":{"line":164,"column":39},"end":{"line":164,"column":55}},{"start":{"line":164,"column":55},"end":{"line":164,"column":null}}],"line":164},"17":{"loc":{"start":{"line":171,"column":2},"end":{"line":171,"column":null}},"type":"if","locations":[{"start":{"line":171,"column":2},"end":{"line":171,"column":null}},{"start":{},"end":{}}],"line":171},"18":{"loc":{"start":{"line":192,"column":11},"end":{"line":197,"column":null}},"type":"binary-expr","locations":[{"start":{"line":192,"column":11},"end":{"line":192,"column":null}},{"start":{"line":193,"column":12},"end":{"line":197,"column":null}}],"line":192},"19":{"loc":{"start":{"line":200,"column":11},"end":{"line":205,"column":null}},"type":"binary-expr","locations":[{"start":{"line":200,"column":11},"end":{"line":200,"column":null}},{"start":{"line":201,"column":12},"end":{"line":205,"column":null}}],"line":200},"20":{"loc":{"start":{"line":208,"column":11},"end":{"line":223,"column":null}},"type":"binary-expr","locations":[{"start":{"line":208,"column":11},"end":{"line":208,"column":null}},{"start":{"line":209,"column":12},"end":{"line":223,"column":null}}],"line":208},"21":{"loc":{"start":{"line":211,"column":16},"end":{"line":213,"column":null}},"type":"cond-expr","locations":[{"start":{"line":212,"column":20},"end":{"line":212,"column":null}},{"start":{"line":213,"column":20},"end":{"line":213,"column":null}}],"line":211},"22":{"loc":{"start":{"line":216,"column":16},"end":{"line":216,"column":null}},"type":"binary-expr","locations":[{"start":{"line":216,"column":16},"end":{"line":216,"column":42}},{"start":{"line":216,"column":42},"end":{"line":216,"column":null}}],"line":216},"23":{"loc":{"start":{"line":220,"column":15},"end":{"line":222,"column":null}},"type":"cond-expr","locations":[{"start":{"line":221,"column":18},"end":{"line":221,"column":null}},{"start":{"line":222,"column":18},"end":{"line":222,"column":null}}],"line":220}},"s":{"0":0,"1":0,"2":0,"3":0,"4":0,"5":0,"6":0,"7":0,"8":0,"9":0,"10":0,"11":0,"12":0,"13":0,"14":0,"15":0,"16":0,"17":0,"18":0,"19":0,"20":0,"21":0,"22":0,"23":0,"24":0,"25":0,"26":0,"27":0,"28":0,"29":0,"30":0,"31":0,"32":0,"33":0,"34":0,"35":0,"36":0,"37":0,"38":0,"39":0,"40":0,"41":0,"42":0,"43":0,"44":0,"45":0,"46":0,"47":0,"48":0,"49":0},"f":{"0":0,"1":0,"2":0,"3":0,"4":0,"5":0,"6":0,"7":0,"8":0,"9":0,"10":0,"11":0},"b":{"0":[0,0],"1":[0,0],"2":[0,0],"3":[0,0],"4":[0,0],"5":[0,0],"6":[0,0],"7":[0,0],"8":[0,0],"9":[0,0],"10":[0,0],"11":[0,0],"12":[0,0],"13":[0,0],"14":[0,0],"15":[0,0],"16":[0,0],"17":[0,0],"18":[0,0],"19":[0,0],"20":[0,0],"21":[0,0],"22":[0,0],"23":[0,0]},"meta":{"lastBranch":24,"lastFunction":12,"lastStatement":50,"seen":{"s:20:6:229:Infinity":0,"f:20:23:20:29":0,"s:21:32:21:Infinity":1,"s:23:8:23:Infinity":2,"s:24:8:24:Infinity":3,"s:25:8:25:Infinity":4,"s:34:6:34:Infinity":5,"s:36:8:36:Infinity":6,"f:36:27:36:36":1,"s:36:36:36:47":7,"s:37:8:37:Infinity":8,"f:37:33:37:42":2,"s:37:42:37:59":9,"s:40:4:42:Infinity":10,"b:41:8:41:Infinity:42:8:42:Infinity":0,"s:44:17:44:Infinity":11,"b:44:37:44:50:44:50:44:Infinity":1,"s:45:20:45:Infinity":12,"b:45:40:45:58:45:58:45:Infinity":2,"s:46:23:46:Infinity":13,"b:46:43:46:61:46:61:46:Infinity":3,"s:48:4:48:Infinity":14,"b:48:24:48:48:48:48:48:Infinity":4,"s:50:26:86:Infinity":15,"f:50:26:50:32":3,"s:51:4:85:Infinity":16,"f:54:19:54:31":4,"s:55:10:55:Infinity":17,"s:57:40:79:Infinity":18,"f:57:63:57:68":5,"b:58:12:78:Infinity:68:19:78:Infinity":5,"s:58:12:78:Infinity":19,"b:58:16:58:29:58:29:58:51":6,"s:59:55:66:Infinity":20,"s:67:14:67:Infinity":21,"s:69:47:76:Infinity":22,"s:77:14:77:Infinity":23,"s:81:10:81:Infinity":24,"s:82:10:82:Infinity":25,"s:88:29:114:Infinity":26,"f:88:29:88:35":6,"b:89:4:89:Infinity:undefined:undefined:undefined:undefined":7,"s:89:4:89:Infinity":27,"b:89:8:89:22:89:22:89:40":8,"s:89:40:89:Infinity":28,"s:95:8:97:Infinity":29,"b:99:4:103:Infinity:101:11:103:Infinity":9,"s:99:4:103:Infinity":30,"s:100:6:100:Infinity":31,"s:102:6:102:Infinity":32,"s:105:4:113:Infinity":33,"f:108:19:108:25":7,"s:109:10:109:Infinity":34,"s:110:10:110:Infinity":35,"s:116:27:128:Infinity":36,"f:116:27:116:33":8,"b:117:4:120:Infinity:undefined:undefined:undefined:undefined":10,"s:117:4:120:Infinity":37,"s:118:6:118:Infinity":38,"s:119:6:119:Infinity":39,"s:122:4:127:Infinity":40,"f:125:19:125:25":9,"s:125:25:125:Infinity":41,"s:131:4:135:Infinity":42,"b:132:8:132:Infinity:133:8:135:Infinity":11,"b:134:8:134:Infinity:135:8:135:Infinity":12,"b:134:37:134:66:134:66:134:Infinity":13,"b:139:2:169:Infinity:undefined:undefined:undefined:undefined":14,"s:139:2:169:Infinity":43,"s:140:4:167:Infinity":44,"b:150:35:150:42:150:42:150:Infinity":15,"b:164:39:164:55:164:55:164:Infinity":16,"b:171:2:171:Infinity:undefined:undefined:undefined:undefined":17,"s:171:2:171:Infinity":45,"s:171:24:171:Infinity":46,"s:175:2:227:Infinity":47,"b:192:11:192:Infinity:193:12:197:Infinity":18,"f:196:30:196:39":10,"s:196:39:196:Infinity":48,"b:200:11:200:Infinity:201:12:205:Infinity":19,"f:204:28:204:36":11,"s:204:36:204:Infinity":49,"b:208:11:208:Infinity:209:12:223:Infinity":20,"b:212:20:212:Infinity:213:20:213:Infinity":21,"b:216:16:216:42:216:42:216:Infinity":22,"b:221:18:221:Infinity:222:18:222:Infinity":23}}}
,"C:\\Users\\Матвей\\web-course\\web-programming-course\\lessons\\lr7\\src\\types\\quiz.ts": {"path":"C:\\Users\\Матвей\\web-course\\web-programming-course\\lessons\\lr7\\src\\types\\quiz.ts","statementMap":{},"fnMap":{},"branchMap":{},"s":{},"f":{},"b":{},"meta":{"lastBranch":0,"lastFunction":0,"lastStatement":0,"seen":{}}}
,"C:\\Users\\Матвей\\web-course\\web-programming-course\\lessons\\lr7\\src\\utils\\score.ts": {"path":"C:\\Users\\Матвей\\web-course\\web-programming-course\\lessons\\lr7\\src\\utils\\score.ts","statementMap":{"0":{"start":{"line":4,"column":2},"end":{"line":7,"column":null}},"1":{"start":{"line":5,"column":18},"end":{"line":5,"column":null}}},"fnMap":{"0":{"name":"calculateScore","decl":{"start":{"line":3,"column":16},"end":{"line":3,"column":31}},"loc":{"start":{"line":3,"column":58},"end":{"line":8,"column":null}},"line":3},"1":{"name":"(anonymous_1)","decl":{"start":{"line":5,"column":4},"end":{"line":5,"column":5}},"loc":{"start":{"line":5,"column":18},"end":{"line":5,"column":null}},"line":5}},"branchMap":{"0":{"loc":{"start":{"line":5,"column":27},"end":{"line":5,"column":null}},"type":"binary-expr","locations":[{"start":{"line":5,"column":27},"end":{"line":5,"column":46}},{"start":{"line":5,"column":46},"end":{"line":5,"column":null}}],"line":5},"1":{"loc":{"start":{"line":5,"column":46},"end":{"line":5,"column":null}},"type":"cond-expr","locations":[{"start":{"line":5,"column":60},"end":{"line":5,"column":64}},{"start":{"line":5,"column":64},"end":{"line":5,"column":null}}],"line":5}},"s":{"0":1,"1":3},"f":{"0":1,"1":3},"b":{"0":[3,1],"1":[1,0]},"meta":{"lastBranch":2,"lastFunction":2,"lastStatement":2,"seen":{"f:3:16:3:31":0,"s:4:2:7:Infinity":0,"f:5:4:5:5":1,"s:5:18:5:Infinity":1,"b:5:27:5:46:5:46:5:Infinity":0,"b:5:60:5:64:5:64:5:Infinity":1}}}
}
